Log file open, 03/23/20 14:11:47
LogWindows: Failed to load 'aqProf.dll' (GetLastError=126)
LogWindows: File 'aqProf.dll' does not exist
LogWindows: Failed to load 'VtuneApi.dll' (GetLastError=126)
LogWindows: File 'VtuneApi.dll' does not exist
LogWindows: Failed to load 'VtuneApi32e.dll' (GetLastError=126)
LogWindows: File 'VtuneApi32e.dll' does not exist
LogConsoleResponse: Display: Failed to find resolution value strings in scalability ini. Falling back to default.
LogInit: Display: Running engine for game: SpaciumGame
LogPlatformFile: Not using cached read wrapper
LogTaskGraph: Started task graph with 5 named threads and 11 total threads with 3 sets of task threads.
LogStats: Stats thread started at 0.073998
LogD3D11RHI: Loaded GFSDK_Aftermath_Lib.x64.dll
LogICUInternationalization: ICU TimeZone Detection - Raw Offset: +2:00, Platform Override: ''
LogPluginManager: Mounting plugin Paper2D
LogPluginManager: Mounting plugin AISupport
LogPluginManager: Mounting plugin LightPropagationVolume
LogPluginManager: Mounting plugin ActorLayerUtilities
LogPluginManager: Mounting plugin AnimationSharing
LogPluginManager: Mounting plugin CLionSourceCodeAccess
LogPluginManager: Mounting plugin CodeLiteSourceCodeAccess
LogPluginManager: Mounting plugin GitSourceControl
LogPluginManager: Mounting plugin KDevelopSourceCodeAccess
LogPluginManager: Mounting plugin NullSourceCodeAccess
LogPluginManager: Mounting plugin PerforceSourceControl
LogPluginManager: Mounting plugin SubversionSourceControl
LogPluginManager: Mounting plugin UObjectPlugin
LogPluginManager: Mounting plugin VisualStudioCodeSourceCodeAccess
LogPluginManager: Mounting plugin VisualStudioSourceCodeAccess
LogPluginManager: Mounting plugin XCodeSourceCodeAccess
LogPluginManager: Mounting plugin AssetManagerEditor
LogPluginManager: Mounting plugin CryptoKeys
LogPluginManager: Mounting plugin CurveEditorTools
LogPluginManager: Mounting plugin DataValidation
LogPluginManager: Mounting plugin FacialAnimation
LogPluginManager: Mounting plugin GameplayTagsEditor
LogPluginManager: Mounting plugin MacGraphicsSwitching
LogPluginManager: Mounting plugin MaterialAnalyzer
LogPluginManager: Mounting plugin MobileLauncherProfileWizard
LogPluginManager: Mounting plugin PluginBrowser
LogPluginManager: Mounting plugin SpeedTreeImporter
LogPluginManager: Mounting plugin DatasmithContent
LogPluginManager: Mounting plugin VariantManagerContent
LogPluginManager: Mounting plugin AlembicImporter
LogPluginManager: Mounting plugin AutomationUtils
LogPluginManager: Mounting plugin BackChannel
LogPluginManager: Mounting plugin CharacterAI
LogPluginManager: Mounting plugin GeometryCache
LogPluginManager: Mounting plugin HTML5Networking
LogPluginManager: Mounting plugin PlatformCrypto
LogPluginManager: Mounting plugin ProxyLODPlugin
LogPluginManager: Mounting plugin SkeletalReduction
LogPluginManager: Mounting plugin MagicLeap
LogPluginManager: Mounting plugin MagicLeapMedia
LogPluginManager: Mounting plugin AndroidMedia
LogPluginManager: Mounting plugin AvfMedia
LogPluginManager: Mounting plugin ImgMedia
LogPluginManager: Mounting plugin MediaCompositing
LogPluginManager: Mounting plugin MediaPlayerEditor
LogPluginManager: Mounting plugin WebMMedia
LogPluginManager: Mounting plugin WmfMedia
LogPluginManager: Mounting plugin TcpMessaging
LogPluginManager: Mounting plugin UdpMessaging
LogPluginManager: Mounting plugin ActorSequence
LogPluginManager: Mounting plugin LevelSequenceEditor
LogPluginManager: Mounting plugin MatineeToLevelSequence
LogPluginManager: Mounting plugin NetcodeUnitTest
LogPluginManager: Mounting plugin NUTUnrealEngine4
LogPluginManager: Mounting plugin OnlineSubsystemGooglePlay
LogPluginManager: Mounting plugin OnlineSubsystemIOS
LogPluginManager: Mounting plugin OnlineSubsystem
LogPluginManager: Mounting plugin OnlineSubsystemNull
LogPluginManager: Mounting plugin OnlineSubsystemUtils
LogPluginManager: Mounting plugin LauncherChunkInstaller
LogPluginManager: Mounting plugin AndroidDeviceProfileSelector
LogPluginManager: Mounting plugin AndroidMoviePlayer
LogPluginManager: Mounting plugin AndroidPermission
LogPluginManager: Mounting plugin AppleImageUtils
LogPluginManager: Mounting plugin AppleMoviePlayer
LogPluginManager: Mounting plugin ArchVisCharacter
LogPluginManager: Mounting plugin AudioCapture
LogPluginManager: Mounting plugin CableComponent
LogPluginManager: Mounting plugin CustomMeshComponent
LogPluginManager: Mounting plugin EditableMesh
LogPluginManager: Mounting plugin ExampleDeviceProfileSelector
LogPluginManager: Mounting plugin GoogleCloudMessaging
LogPluginManager: Mounting plugin IOSDeviceProfileSelector
LogPluginManager: Mounting plugin LinuxDeviceProfileSelector
LogPluginManager: Mounting plugin LocationServicesBPLibrary
LogPluginManager: Mounting plugin MobilePatchingUtils
LogPluginManager: Mounting plugin OculusVR
LogPluginManager: Mounting plugin PhysXVehicles
LogPluginManager: Mounting plugin ProceduralMeshComponent
LogPluginManager: Mounting plugin RuntimePhysXCooking
LogPluginManager: Mounting plugin SignificanceManager
LogPluginManager: Mounting plugin SteamVR
LogPluginManager: Mounting plugin WebMMoviePlayer
LogPluginManager: Mounting plugin WindowsMoviePlayer
LogPluginManager: Mounting plugin ScreenshotTools
LogInit: Using libcurl 7.55.1-DEV
LogInit:  - built for x86_64-pc-win32
LogInit:  - supports SSL with OpenSSL/1.1.1
LogInit:  - supports HTTP deflate (compression) using libz 1.2.8
LogInit:  - other features:
LogInit:      CURL_VERSION_SSL
LogInit:      CURL_VERSION_LIBZ
LogInit:      CURL_VERSION_IPV6
LogInit:      CURL_VERSION_ASYNCHDNS
LogInit:      CURL_VERSION_LARGEFILE
LogInit:      CURL_VERSION_IDN
LogInit:  CurlRequestOptions (configurable via config and command line):
LogInit:  - bVerifyPeer = true  - Libcurl will verify peer certificate
LogInit:  - bUseHttpProxy = false  - Libcurl will NOT use HTTP proxy
LogInit:  - bDontReuseConnections = false  - Libcurl will reuse connections
LogInit:  - MaxHostConnections = 16  - Libcurl will limit the number of connections to a host
LogInit:  - LocalHostAddr = Default
LogInit:  - BufferSize = 65536
LogOnline: OSS: Creating online subsystem instance for: NULL
LogInit: WinSock: version 1.1 (2.2), MaxSocks=32767, MaxUdp=65467
LogInit: Build: ++UE4+Release-4.23-CL-9631420
LogInit: Engine Version: 4.23.1-9631420+++UE4+Release-4.23
LogInit: Compatible Engine Version: 4.23.0-8386587+++UE4+Release-4.23
LogInit: Net CL: 8386587
LogInit: OS: Windows 10 (Release 1809) (), CPU: Intel(R) Core(TM) i3-4160 CPU @ 3.60GHz, GPU: AMD Radeon (TM) R7 360 Series
LogInit: Compiled (64-bit): Oct 18 2019 02:07:44
LogInit: Compiled with Visual C++: 19.16.27030.01
LogInit: Build Configuration: Development
LogInit: Branch Name: ++UE4+Release-4.23
LogInit: Command Line:  -EpicPortal -epicusername=R100001mputer -epicuserid=d1614848324f44d3b00a362c76e5d6ca -epiclocale=en
LogInit: Base Directory: D:/Epic Games/UE_4.23/Engine/Binaries/Win64/
LogInit: Installed Engine Build: 1
LogDevObjectVersion: Number of dev versions registered: 23
LogDevObjectVersion:   Dev-Blueprints (B0D832E4-1F89-4F0D-ACCF-7EB736FD4AA2): 10
LogDevObjectVersion:   Dev-Build (E1C64328-A22C-4D53-A36C-8E866417BD8C): 0
LogDevObjectVersion:   Dev-Core (375EC13C-06E4-48FB-B500-84F0262A717E): 3
LogDevObjectVersion:   Dev-Editor (E4B068ED-F494-42E9-A231-DA0B2E46BB41): 34
LogDevObjectVersion:   Dev-Framework (CFFC743F-43B0-4480-9391-14DF171D2073): 35
LogDevObjectVersion:   Dev-Mobile (B02B49B5-BB20-44E9-A304-32B752E40360): 2
LogDevObjectVersion:   Dev-Networking (A4E4105C-59A1-49B5-A7C5-40C4547EDFEE): 0
LogDevObjectVersion:   Dev-Online (39C831C9-5AE6-47DC-9A44-9C173E1C8E7C): 0
LogDevObjectVersion:   Dev-Physics (78F01B33-EBEA-4F98-B9B4-84EACCB95AA2): 0
LogDevObjectVersion:   Dev-Platform (6631380F-2D4D-43E0-8009-CF276956A95A): 0
LogDevObjectVersion:   Dev-Rendering (12F88B9F-8875-4AFC-A67C-D90C383ABD29): 31
LogDevObjectVersion:   Dev-Sequencer (7B5AE74C-D270-4C10-A958-57980B212A5A): 11
LogDevObjectVersion:   Dev-VR (D7296918-1DD6-4BDD-9DE2-64A83CC13884): 2
LogDevObjectVersion:   Dev-LoadTimes (C2A15278-BFE7-4AFE-6C17-90FF531DF755): 1
LogDevObjectVersion:   Private-Geometry (6EACA3D4-40EC-4CC1-B786-8BED09428FC5): 3
LogDevObjectVersion:   Dev-AnimPhys (29E575DD-E0A3-4627-9D10-D276232CDCEA): 17
LogDevObjectVersion:   Dev-Anim (AF43A65D-7FD3-4947-9873-3E8ED9C1BB05): 2
LogDevObjectVersion:   Dev-ReflectionCapture (6B266CEC-1EC7-4B8F-A30B-E4D90942FC07): 1
LogDevObjectVersion:   Dev-Automation (0DF73D61-A23F-47EA-B727-89E90C41499A): 1
LogDevObjectVersion:   FortniteMain (601D1886-AC64-4F84-AA16-D3DE0DEAC7D6): 27
LogDevObjectVersion:   Dev-Enterprise (9DFFBCD6-494F-0158-E221-12823C92A888): 6
LogDevObjectVersion:   Dev-Niagara (F2AED0AC-9AFE-416F-8664-AA7FFA26D6FC): 1
LogDevObjectVersion:   Dev-Destruction (174F1F0B-B4C6-45A5-B13F-2EE8D0FB917D): 9
LogInit: Presizing for max 16777216 objects, including 0 objects not considered by GC, pre-allocating 0 bytes for permanent pool.
LogInit: Object subsystem initialized
LogConfig: Setting CVar [[con.DebugEarlyDefault:1]]
LogConfig: Setting CVar [[r.setres:1280x720]]
[2020.03.23-12.11.48:192][  0]LogConfig: Setting CVar [[r.VSync:0]]
[2020.03.23-12.11.48:192][  0]LogConfig: Setting CVar [[r.RHICmdBypass:0]]
[2020.03.23-12.11.48:192][  0]LogConfig: Applying CVar settings from Section [/Script/Engine.RendererSettings] File [D:/workspace/unreal_engine/Saved/Config/Windows/Engine.ini]
[2020.03.23-12.11.48:192][  0]LogConfig: Setting CVar [[r.GPUCrashDebugging:0]]
[2020.03.23-12.11.48:192][  0]LogConfig: Setting CVar [[r.MobileHDR:1]]
[2020.03.23-12.11.48:192][  0]LogConfig: Setting CVar [[r.Mobile.DisableVertexFog:1]]
[2020.03.23-12.11.48:192][  0]LogConfig: Setting CVar [[r.Shadow.CSM.MaxMobileCascades:2]]
[2020.03.23-12.11.48:192][  0]LogConfig: Setting CVar [[r.MobileMSAA:1]]
[2020.03.23-12.11.48:192][  0]LogConfig: Setting CVar [[r.Mobile.UseLegacyShadingModel:0]]
[2020.03.23-12.11.48:192][  0]LogConfig: Setting CVar [[r.Mobile.UseHWsRGBEncoding:0]]
[2020.03.23-12.11.48:192][  0]LogConfig: Setting CVar [[r.Mobile.AllowDitheredLODTransition:0]]
[2020.03.23-12.11.48:192][  0]LogConfig: Setting CVar [[r.Mobile.AllowSoftwareOcclusion:0]]
[2020.03.23-12.11.48:192][  0]LogConfig: Setting CVar [[r.DiscardUnusedQuality:0]]
[2020.03.23-12.11.48:192][  0]LogConfig: Setting CVar [[r.AllowOcclusionQueries:1]]
[2020.03.23-12.11.48:192][  0]LogConfig: Setting CVar [[r.MinScreenRadiusForLights:0.030000]]
[2020.03.23-12.11.48:192][  0]LogConfig: Setting CVar [[r.MinScreenRadiusForDepthPrepass:0.030000]]
[2020.03.23-12.11.48:192][  0]LogConfig: Setting CVar [[r.MinScreenRadiusForCSMDepth:0.010000]]
[2020.03.23-12.11.48:192][  0]LogConfig: Setting CVar [[r.PrecomputedVisibilityWarning:0]]
[2020.03.23-12.11.48:192][  0]LogConfig: Setting CVar [[r.TextureStreaming:1]]
[2020.03.23-12.11.48:192][  0]LogConfig: Setting CVar [[Compat.UseDXT5NormalMaps:0]]
[2020.03.23-12.11.48:192][  0]LogConfig: Setting CVar [[r.VirtualTextures:0]]
[2020.03.23-12.11.48:192][  0]LogConfig: Setting CVar [[r.VirtualTexturedLightmaps:0]]
[2020.03.23-12.11.48:192][  0]LogConfig: Setting CVar [[r.VT.TileSize:128]]
[2020.03.23-12.11.48:192][  0]LogConfig: Setting CVar [[r.VT.TileBorderSize:4]]
[2020.03.23-12.11.48:192][  0]LogConfig: Setting CVar [[r.vt.FeedbackFactor:16]]
[2020.03.23-12.11.48:193][  0]LogConfig: Setting CVar [[r.VT.EnableCompressZlib:1]]
[2020.03.23-12.11.48:193][  0]LogConfig: Setting CVar [[r.VT.EnableCompressCrunch:0]]
[2020.03.23-12.11.48:193][  0]LogConfig: Setting CVar [[r.ClearCoatNormal:0]]
[2020.03.23-12.11.48:193][  0]LogConfig: Setting CVar [[r.ReflectionCaptureResolution:128]]
[2020.03.23-12.11.48:193][  0]LogConfig: Setting CVar [[r.ReflectionEnvironmentLightmapMixBasedOnRoughness:1]]
[2020.03.23-12.11.48:193][  0]LogConfig: Setting CVar [[r.ForwardShading:0]]
[2020.03.23-12.11.48:193][  0]LogConfig: Setting CVar [[r.VertexFoggingForOpaque:1]]
[2020.03.23-12.11.48:193][  0]LogConfig: Setting CVar [[r.AllowStaticLighting:1]]
[2020.03.23-12.11.48:193][  0]LogConfig: Setting CVar [[r.NormalMapsForStaticLighting:0]]
[2020.03.23-12.11.48:193][  0]LogConfig: Setting CVar [[r.GenerateMeshDistanceFields:0]]
[2020.03.23-12.11.48:193][  0]LogConfig: Setting CVar [[r.DistanceFieldBuild.EightBit:0]]
[2020.03.23-12.11.48:193][  0]LogConfig: Setting CVar [[r.GenerateLandscapeGIData:0]]
[2020.03.23-12.11.48:193][  0]LogConfig: Setting CVar [[r.DistanceFieldBuild.Compress:0]]
[2020.03.23-12.11.48:193][  0]LogConfig: Setting CVar [[r.TessellationAdaptivePixelsPerTriangle:48.000000]]
[2020.03.23-12.11.48:193][  0]LogConfig: Setting CVar [[r.SeparateTranslucency:1]]
[2020.03.23-12.11.48:193][  0]LogConfig: Setting CVar [[r.TranslucentSortPolicy:0]]
[2020.03.23-12.11.48:193][  0]LogConfig: Setting CVar [[r.CustomDepth:1]]
[2020.03.23-12.11.48:193][  0]LogConfig: Setting CVar [[r.CustomDepthTemporalAAJitter:1]]
[2020.03.23-12.11.48:193][  0]LogConfig: Setting CVar [[r.PostProcessing.PropagateAlpha:0]]
[2020.03.23-12.11.48:193][  0]LogConfig: Setting CVar [[r.DefaultFeature.Bloom:1]]
[2020.03.23-12.11.48:193][  0]LogConfig: Setting CVar [[r.DefaultFeature.AmbientOcclusion:1]]
[2020.03.23-12.11.48:193][  0]LogConfig: Setting CVar [[r.DefaultFeature.AmbientOcclusionStaticFraction:1]]
[2020.03.23-12.11.48:193][  0]LogConfig: Setting CVar [[r.DefaultFeature.AutoExposure:1]]
[2020.03.23-12.11.48:193][  0]LogConfig: Setting CVar [[r.DefaultFeature.AutoExposure.Method:0]]
[2020.03.23-12.11.48:193][  0]LogConfig: Setting CVar [[r.DefaultFeature.AutoExposure.ExtendDefaultLuminanceRange:0]]
[2020.03.23-12.11.48:193][  0]LogConfig: Setting CVar [[r.UsePreExposure:1]]
[2020.03.23-12.11.48:193][  0]LogConfig: Setting CVar [[r.EyeAdaptation.EditorOnly:1]]
[2020.03.23-12.11.48:193][  0]LogConfig: Setting CVar [[r.DefaultFeature.MotionBlur:1]]
[2020.03.23-12.11.48:193][  0]LogConfig: Setting CVar [[r.DefaultFeature.LensFlare:0]]
[2020.03.23-12.11.48:193][  0]LogConfig: Setting CVar [[r.TemporalAA.Upsampling:0]]
[2020.03.23-12.11.48:193][  0]LogConfig: Setting CVar [[r.DefaultFeature.AntiAliasing:2]]
[2020.03.23-12.11.48:193][  0]LogConfig: Setting CVar [[r.DefaultFeature.LightUnits:1]]
[2020.03.23-12.11.48:193][  0]LogConfig: Setting CVar [[r.DefaultBackBufferPixelFormat:4]]
[2020.03.23-12.11.48:193][  0]LogConfig: Setting CVar [[r.Shadow.UnbuiltPreviewInGame:1]]
[2020.03.23-12.11.48:193][  0]LogConfig: Setting CVar [[r.StencilForLODDither:0]]
[2020.03.23-12.11.48:193][  0]LogConfig: Setting CVar [[r.EarlyZPass:3]]
[2020.03.23-12.11.48:193][  0]LogConfig: Setting CVar [[r.EarlyZPassOnlyMaterialMasking:0]]
[2020.03.23-12.11.48:193][  0]LogConfig: Setting CVar [[r.DBuffer:1]]
[2020.03.23-12.11.48:193][  0]LogConfig: Setting CVar [[r.ClearSceneMethod:1]]
[2020.03.23-12.11.48:193][  0]LogConfig: Setting CVar [[r.BasePassOutputsVelocity:0]]
[2020.03.23-12.11.48:193][  0]LogConfig: Setting CVar [[r.SelectiveBasePassOutputs:0]]
[2020.03.23-12.11.48:193][  0]LogConfig: Setting CVar [[fx.GPUSimulationTextureSizeX:1024]]
[2020.03.23-12.11.48:193][  0]LogConfig: Setting CVar [[fx.GPUSimulationTextureSizeY:1024]]
[2020.03.23-12.11.48:193][  0]LogConfig: Setting CVar [[r.AllowGlobalClipPlane:0]]
[2020.03.23-12.11.48:193][  0]LogConfig: Setting CVar [[r.GBufferFormat:1]]
[2020.03.23-12.11.48:193][  0]LogConfig: Setting CVar [[r.MorphTarget.Mode:1]]
[2020.03.23-12.11.48:193][  0]LogConfig: Setting CVar [[vr.InstancedStereo:0]]
[2020.03.23-12.11.48:193][  0]LogConfig: Setting CVar [[vr.MultiView:0]]
[2020.03.23-12.11.48:193][  0]LogConfig: Setting CVar [[vr.MobileMultiView:0]]
[2020.03.23-12.11.48:193][  0]LogConfig: Setting CVar [[vr.MobileMultiView.Direct:0]]
[2020.03.23-12.11.48:193][  0]LogConfig: Setting CVar [[vr.RoundRobinOcclusion:0]]
[2020.03.23-12.11.48:193][  0]LogConfig: Setting CVar [[vr.ODSCapture:0]]
[2020.03.23-12.11.48:193][  0]LogConfig: Setting CVar [[r.WireframeCullThreshold:5.000000]]
[2020.03.23-12.11.48:193][  0]LogConfig: Setting CVar [[r.RayTracing:0]]
[2020.03.23-12.11.48:193][  0]LogConfig: Setting CVar [[r.SupportStationarySkylight:1]]
[2020.03.23-12.11.48:193][  0]LogConfig: Setting CVar [[r.SupportLowQualityLightmaps:1]]
[2020.03.23-12.11.48:193][  0]LogConfig: Setting CVar [[r.SupportPointLightWholeSceneShadows:1]]
[2020.03.23-12.11.48:193][  0]LogConfig: Setting CVar [[r.SupportAtmosphericFog:1]]
[2020.03.23-12.11.48:193][  0]LogConfig: Setting CVar [[r.SkinCache.CompileShaders:0]]
[2020.03.23-12.11.48:193][  0]LogConfig: Setting CVar [[r.Mobile.EnableStaticAndCSMShadowReceivers:1]]
[2020.03.23-12.11.48:193][  0]LogConfig: Setting CVar [[r.Mobile.EnableMovableLightCSMShaderCulling:1]]
[2020.03.23-12.11.48:193][  0]LogConfig: Setting CVar [[r.Mobile.AllowDistanceFieldShadows:1]]
[2020.03.23-12.11.48:193][  0]LogConfig: Setting CVar [[r.Mobile.AllowMovableDirectionalLights:1]]
[2020.03.23-12.11.48:193][  0]LogConfig: Setting CVar [[r.MobileNumDynamicPointLights:4]]
[2020.03.23-12.11.48:193][  0]LogConfig: Setting CVar [[r.MobileDynamicPointLightsUseStaticBranch:1]]
[2020.03.23-12.11.48:193][  0]LogConfig: Setting CVar [[r.Mobile.EnableMovableSpotlights:0]]
[2020.03.23-12.11.48:193][  0]LogConfig: Setting CVar [[r.SkinCache.SceneMemoryLimitInMB:128.000000]]
[2020.03.23-12.11.48:193][  0]LogConfig: Setting CVar [[r.GPUSkin.Limit2BoneInfluences:0]]
[2020.03.23-12.11.48:193][  0]LogConfig: Setting CVar [[r.SupportDepthOnlyIndexBuffers:1]]
[2020.03.23-12.11.48:193][  0]LogConfig: Setting CVar [[r.SupportReversedIndexBuffers:1]]
[2020.03.23-12.11.48:193][  0]LogConfig: Setting CVar [[r.SupportMaterialLayers:0]]
[2020.03.23-12.11.48:193][  0]LogConfig: Applying CVar settings from Section [/Script/Engine.RendererOverrideSettings] File [D:/workspace/unreal_engine/Saved/Config/Windows/Engine.ini]
[2020.03.23-12.11.48:193][  0]LogConfig: Applying CVar settings from Section [/Script/Engine.StreamingSettings] File [D:/workspace/unreal_engine/Saved/Config/Windows/Engine.ini]
[2020.03.23-12.11.48:193][  0]LogConfig: Setting CVar [[s.MinBulkDataSizeForAsyncLoading:131072]]
[2020.03.23-12.11.48:193][  0]LogConfig: Setting CVar [[s.AsyncLoadingThreadEnabled:0]]
[2020.03.23-12.11.48:193][  0]LogConfig: Setting CVar [[s.EventDrivenLoaderEnabled:1]]
[2020.03.23-12.11.48:193][  0]LogConfig: Setting CVar [[s.WarnIfTimeLimitExceeded:0]]
[2020.03.23-12.11.48:193][  0]LogConfig: Setting CVar [[s.TimeLimitExceededMultiplier:1.5]]
[2020.03.23-12.11.48:193][  0]LogConfig: Setting CVar [[s.TimeLimitExceededMinTime:0.005]]
[2020.03.23-12.11.48:193][  0]LogConfig: Setting CVar [[s.UseBackgroundLevelStreaming:1]]
[2020.03.23-12.11.48:193][  0]LogConfig: Setting CVar [[s.PriorityAsyncLoadingExtraTime:15.0]]
[2020.03.23-12.11.48:193][  0]LogConfig: Setting CVar [[s.LevelStreamingActorsUpdateTimeLimit:5.0]]
[2020.03.23-12.11.48:193][  0]LogConfig: Setting CVar [[s.PriorityLevelStreamingActorsUpdateExtraTime:5.0]]
[2020.03.23-12.11.48:193][  0]LogConfig: Setting CVar [[s.LevelStreamingComponentsRegistrationGranularity:10]]
[2020.03.23-12.11.48:193][  0]LogConfig: Setting CVar [[s.UnregisterComponentsTimeLimit:1.0]]
[2020.03.23-12.11.48:194][  0]LogConfig: Setting CVar [[s.LevelStreamingComponentsUnregistrationGranularity:5]]
[2020.03.23-12.11.48:194][  0]LogConfig: Applying CVar settings from Section [/Script/Engine.GarbageCollectionSettings] File [D:/workspace/unreal_engine/Saved/Config/Windows/Engine.ini]
[2020.03.23-12.11.48:194][  0]LogConfig: Setting CVar [[gc.MaxObjectsNotConsideredByGC:1]]
[2020.03.23-12.11.48:194][  0]LogConfig: Setting CVar [[gc.SizeOfPermanentObjectPool:0]]
[2020.03.23-12.11.48:194][  0]LogConfig: Setting CVar [[gc.FlushStreamingOnGC:0]]
[2020.03.23-12.11.48:194][  0]LogConfig: Setting CVar [[gc.NumRetriesBeforeForcingGC:10]]
[2020.03.23-12.11.48:194][  0]LogConfig: Setting CVar [[gc.AllowParallelGC:1]]
[2020.03.23-12.11.48:194][  0]LogConfig: Setting CVar [[gc.TimeBetweenPurgingPendingKillObjects:61.1]]
[2020.03.23-12.11.48:194][  0]LogConfig: Setting CVar [[gc.MaxObjectsInEditor:16777216]]
[2020.03.23-12.11.48:194][  0]LogConfig: Setting CVar [[gc.IncrementalBeginDestroyEnabled:1]]
[2020.03.23-12.11.48:194][  0]LogConfig: Setting CVar [[gc.CreateGCClusters:1]]
[2020.03.23-12.11.48:194][  0]LogConfig: Setting CVar [[gc.MinGCClusterSize:5]]
[2020.03.23-12.11.48:194][  0]LogConfig: Setting CVar [[gc.ActorClusteringEnabled:0]]
[2020.03.23-12.11.48:194][  0]LogConfig: Setting CVar [[gc.BlueprintClusteringEnabled:0]]
[2020.03.23-12.11.48:194][  0]LogConfig: Setting CVar [[gc.UseDisregardForGCOnDedicatedServers:0]]
[2020.03.23-12.11.48:194][  0]LogConfig: Applying CVar settings from Section [/Script/Engine.NetworkSettings] File [D:/workspace/unreal_engine/Saved/Config/Windows/Engine.ini]
[2020.03.23-12.11.48:194][  0]LogConfig: Applying CVar settings from Section [/Script/UnrealEd.CookerSettings] File [D:/workspace/unreal_engine/Saved/Config/Windows/Engine.ini]
[2020.03.23-12.11.48:196][  0]LogConfig: Applying CVar settings from Section [ViewDistanceQuality@3] File [D:/workspace/unreal_engine/Saved/Config/Windows/Scalability.ini]
[2020.03.23-12.11.48:196][  0]LogConfig: Setting CVar [[r.SkeletalMeshLODBias:0]]
[2020.03.23-12.11.48:196][  0]LogConfig: Setting CVar [[r.ViewDistanceScale:1.0]]
[2020.03.23-12.11.48:196][  0]LogConfig: Applying CVar settings from Section [AntiAliasingQuality@3] File [D:/workspace/unreal_engine/Saved/Config/Windows/Scalability.ini]
[2020.03.23-12.11.48:196][  0]LogConfig: Setting CVar [[r.PostProcessAAQuality:4]]
[2020.03.23-12.11.48:196][  0]LogConfig: Applying CVar settings from Section [ShadowQuality@3] File [D:/workspace/unreal_engine/Saved/Config/Windows/Scalability.ini]
[2020.03.23-12.11.48:196][  0]LogConfig: Setting CVar [[r.LightFunctionQuality:1]]
[2020.03.23-12.11.48:196][  0]LogConfig: Setting CVar [[r.ShadowQuality:5]]
[2020.03.23-12.11.48:196][  0]LogConfig: Setting CVar [[r.Shadow.CSM.MaxCascades:10]]
[2020.03.23-12.11.48:196][  0]LogConfig: Setting CVar [[r.Shadow.MaxResolution:2048]]
[2020.03.23-12.11.48:196][  0]LogConfig: Setting CVar [[r.Shadow.MaxCSMResolution:2048]]
[2020.03.23-12.11.48:196][  0]LogConfig: Setting CVar [[r.Shadow.RadiusThreshold:0.01]]
[2020.03.23-12.11.48:196][  0]LogConfig: Setting CVar [[r.Shadow.DistanceScale:1.0]]
[2020.03.23-12.11.48:196][  0]LogConfig: Setting CVar [[r.Shadow.CSM.TransitionScale:1.0]]
[2020.03.23-12.11.48:196][  0]LogConfig: Setting CVar [[r.Shadow.PreShadowResolutionFactor:1.0]]
[2020.03.23-12.11.48:196][  0]LogConfig: Setting CVar [[r.DistanceFieldShadowing:1]]
[2020.03.23-12.11.48:196][  0]LogConfig: Setting CVar [[r.DistanceFieldAO:1]]
[2020.03.23-12.11.48:196][  0]LogConfig: Setting CVar [[r.AOQuality:2]]
[2020.03.23-12.11.48:196][  0]LogConfig: Setting CVar [[r.VolumetricFog:1]]
[2020.03.23-12.11.48:196][  0]LogConfig: Setting CVar [[r.VolumetricFog.GridPixelSize:8]]
[2020.03.23-12.11.48:196][  0]LogConfig: Setting CVar [[r.VolumetricFog.GridSizeZ:128]]
[2020.03.23-12.11.48:196][  0]LogConfig: Setting CVar [[r.VolumetricFog.HistoryMissSupersampleCount:4]]
[2020.03.23-12.11.48:196][  0]LogConfig: Setting CVar [[r.LightMaxDrawDistanceScale:1]]
[2020.03.23-12.11.48:196][  0]LogConfig: Setting CVar [[r.CapsuleShadows:1]]
[2020.03.23-12.11.48:196][  0]LogConfig: Applying CVar settings from Section [PostProcessQuality@3] File [D:/workspace/unreal_engine/Saved/Config/Windows/Scalability.ini]
[2020.03.23-12.11.48:196][  0]LogConfig: Setting CVar [[r.MotionBlurQuality:4]]
[2020.03.23-12.11.48:196][  0]LogConfig: Setting CVar [[r.AmbientOcclusionMipLevelFactor:0.4]]
[2020.03.23-12.11.48:196][  0]LogConfig: Setting CVar [[r.AmbientOcclusionMaxQuality:100]]
[2020.03.23-12.11.48:196][  0]LogConfig: Setting CVar [[r.AmbientOcclusionLevels:-1]]
[2020.03.23-12.11.48:196][  0]LogConfig: Setting CVar [[r.AmbientOcclusionRadiusScale:1.0]]
[2020.03.23-12.11.48:196][  0]LogConfig: Setting CVar [[r.DepthOfFieldQuality:2]]
[2020.03.23-12.11.48:196][  0]LogConfig: Setting CVar [[r.RenderTargetPoolMin:400]]
[2020.03.23-12.11.48:196][  0]LogConfig: Setting CVar [[r.LensFlareQuality:2]]
[2020.03.23-12.11.48:196][  0]LogConfig: Setting CVar [[r.SceneColorFringeQuality:1]]
[2020.03.23-12.11.48:196][  0]LogConfig: Setting CVar [[r.EyeAdaptationQuality:2]]
[2020.03.23-12.11.48:196][  0]LogConfig: Setting CVar [[r.BloomQuality:5]]
[2020.03.23-12.11.48:196][  0]LogConfig: Setting CVar [[r.FastBlurThreshold:100]]
[2020.03.23-12.11.48:196][  0]LogConfig: Setting CVar [[r.Upscale.Quality:3]]
[2020.03.23-12.11.48:196][  0]LogConfig: Setting CVar [[r.Tonemapper.GrainQuantization:1]]
[2020.03.23-12.11.48:196][  0]LogConfig: Setting CVar [[r.LightShaftQuality:1]]
[2020.03.23-12.11.48:196][  0]LogConfig: Setting CVar [[r.Filter.SizeScale:1]]
[2020.03.23-12.11.48:196][  0]LogConfig: Setting CVar [[r.Tonemapper.Quality:5]]
[2020.03.23-12.11.48:196][  0]LogConfig: Setting CVar [[r.DOF.Gather.AccumulatorQuality:1        ; higher gathering accumulator quality]]
[2020.03.23-12.11.48:196][  0]LogConfig: Setting CVar [[r.DOF.Gather.PostfilterMethod:1          ; Median3x3 postfilering method]]
[2020.03.23-12.11.48:197][  0]LogConfig: Setting CVar [[r.DOF.Gather.EnableBokehSettings:0       ; no bokeh simulation when gathering]]
[2020.03.23-12.11.48:197][  0]LogConfig: Setting CVar [[r.DOF.Gather.RingCount:4                 ; medium number of samples when gathering]]
[2020.03.23-12.11.48:197][  0]LogConfig: Setting CVar [[r.DOF.Scatter.ForegroundCompositing:1    ; additive foreground scattering]]
[2020.03.23-12.11.48:197][  0]LogConfig: Setting CVar [[r.DOF.Scatter.BackgroundCompositing:2    ; additive background scattering]]
[2020.03.23-12.11.48:197][  0]LogConfig: Setting CVar [[r.DOF.Scatter.EnableBokehSettings:1      ; bokeh simulation when scattering]]
[2020.03.23-12.11.48:197][  0]LogConfig: Setting CVar [[r.DOF.Scatter.MaxSpriteRatio:0.1         ; only a maximum of 10% of scattered bokeh]]
[2020.03.23-12.11.48:197][  0]LogConfig: Setting CVar [[r.DOF.Recombine.Quality:1                ; cheap slight out of focus]]
[2020.03.23-12.11.48:197][  0]LogConfig: Setting CVar [[r.DOF.Recombine.EnableBokehSettings:0    ; no bokeh simulation on slight out of focus]]
[2020.03.23-12.11.48:197][  0]LogConfig: Setting CVar [[r.DOF.TemporalAAQuality:1                ; more stable temporal accumulation]]
[2020.03.23-12.11.48:197][  0]LogConfig: Setting CVar [[r.DOF.Kernel.MaxForegroundRadius:0.025]]
[2020.03.23-12.11.48:197][  0]LogConfig: Setting CVar [[r.DOF.Kernel.MaxBackgroundRadius:0.025]]
[2020.03.23-12.11.48:197][  0]LogConfig: Applying CVar settings from Section [TextureQuality@3] File [D:/workspace/unreal_engine/Saved/Config/Windows/Scalability.ini]
[2020.03.23-12.11.48:197][  0]LogConfig: Setting CVar [[r.Streaming.MipBias:0]]
[2020.03.23-12.11.48:197][  0]LogConfig: Setting CVar [[r.Streaming.AmortizeCPUToGPUCopy:0]]
[2020.03.23-12.11.48:197][  0]LogConfig: Setting CVar [[r.Streaming.MaxNumTexturesToStreamPerFrame:0]]
[2020.03.23-12.11.48:197][  0]LogConfig: Setting CVar [[r.Streaming.Boost:1]]
[2020.03.23-12.11.48:197][  0]LogConfig: Setting CVar [[r.MaxAnisotropy:8]]
[2020.03.23-12.11.48:197][  0]LogConfig: Setting CVar [[r.Streaming.LimitPoolSizeToVRAM:0]]
[2020.03.23-12.11.48:197][  0]LogConfig: Setting CVar [[r.Streaming.PoolSize:1000]]
[2020.03.23-12.11.48:197][  0]LogConfig: Setting CVar [[r.Streaming.MaxEffectiveScreenSize:0]]
[2020.03.23-12.11.48:197][  0]LogConfig: Applying CVar settings from Section [EffectsQuality@3] File [D:/workspace/unreal_engine/Saved/Config/Windows/Scalability.ini]
[2020.03.23-12.11.48:197][  0]LogConfig: Setting CVar [[r.TranslucencyLightingVolumeDim:64]]
[2020.03.23-12.11.48:197][  0]LogConfig: Setting CVar [[r.RefractionQuality:2]]
[2020.03.23-12.11.48:197][  0]LogConfig: Setting CVar [[r.SSR.Quality:3]]
[2020.03.23-12.11.48:197][  0]LogConfig: Setting CVar [[r.SceneColorFormat:4]]
[2020.03.23-12.11.48:197][  0]LogConfig: Setting CVar [[r.DetailMode:2]]
[2020.03.23-12.11.48:197][  0]LogConfig: Setting CVar [[r.TranslucencyVolumeBlur:1]]
[2020.03.23-12.11.48:197][  0]LogConfig: Setting CVar [[r.MaterialQualityLevel:1 ; High quality]]
[2020.03.23-12.11.48:197][  0]LogConfig: Setting CVar [[r.SSS.Scale:1]]
[2020.03.23-12.11.48:197][  0]LogConfig: Setting CVar [[r.SSS.SampleSet:2]]
[2020.03.23-12.11.48:197][  0]LogConfig: Setting CVar [[r.SSS.Quality:1]]
[2020.03.23-12.11.48:197][  0]LogConfig: Setting CVar [[r.SSS.HalfRes:1]]
[2020.03.23-12.11.48:197][  0]LogConfig: Setting CVar [[r.EmitterSpawnRateScale:1.0]]
[2020.03.23-12.11.48:197][  0]LogConfig: Setting CVar [[r.ParticleLightQuality:2]]
[2020.03.23-12.11.48:197][  0]LogConfig: Applying CVar settings from Section [FoliageQuality@3] File [D:/workspace/unreal_engine/Saved/Config/Windows/Scalability.ini]
[2020.03.23-12.11.48:197][  0]LogConfig: Setting CVar [[foliage.DensityScale:1.0]]
[2020.03.23-12.11.48:197][  0]LogConfig: Setting CVar [[grass.DensityScale:1.0]]
[2020.03.23-12.11.48:197][  0]LogInit: Selected Device Profile: [Windows]
[2020.03.23-12.11.48:197][  0]LogInit: Applying CVar settings loaded from the selected device profile: [Windows]
[2020.03.23-12.11.48:223][  0]LogHAL: Display: Platform has ~ 4 GB [4256268288 / 4294967296 / 4], which maps to Smallest [LargestMinGB=32, LargerMinGB=12, DefaultMinGB=8, SmallerMinGB=6, SmallestMinGB=0)
[2020.03.23-12.11.48:223][  0]LogInit: Going up to parent DeviceProfile []
[2020.03.23-12.11.48:223][  0]LogConfig: Applying CVar settings from Section [ViewDistanceQuality@3] File [D:/workspace/unreal_engine/Saved/Config/Windows/Scalability.ini]
[2020.03.23-12.11.48:223][  0]LogConfig: Setting CVar [[r.SkeletalMeshLODBias:0]]
[2020.03.23-12.11.48:223][  0]LogConfig: Setting CVar [[r.ViewDistanceScale:1.0]]
[2020.03.23-12.11.48:223][  0]LogConfig: Applying CVar settings from Section [AntiAliasingQuality@3] File [D:/workspace/unreal_engine/Saved/Config/Windows/Scalability.ini]
[2020.03.23-12.11.48:223][  0]LogConfig: Setting CVar [[r.PostProcessAAQuality:4]]
[2020.03.23-12.11.48:223][  0]LogConfig: Applying CVar settings from Section [ShadowQuality@3] File [D:/workspace/unreal_engine/Saved/Config/Windows/Scalability.ini]
[2020.03.23-12.11.48:223][  0]LogConfig: Setting CVar [[r.LightFunctionQuality:1]]
[2020.03.23-12.11.48:223][  0]LogConfig: Setting CVar [[r.ShadowQuality:5]]
[2020.03.23-12.11.48:223][  0]LogConfig: Setting CVar [[r.Shadow.CSM.MaxCascades:10]]
[2020.03.23-12.11.48:223][  0]LogConfig: Setting CVar [[r.Shadow.MaxResolution:2048]]
[2020.03.23-12.11.48:223][  0]LogConfig: Setting CVar [[r.Shadow.MaxCSMResolution:2048]]
[2020.03.23-12.11.48:223][  0]LogConfig: Setting CVar [[r.Shadow.RadiusThreshold:0.01]]
[2020.03.23-12.11.48:223][  0]LogConfig: Setting CVar [[r.Shadow.DistanceScale:1.0]]
[2020.03.23-12.11.48:223][  0]LogConfig: Setting CVar [[r.Shadow.CSM.TransitionScale:1.0]]
[2020.03.23-12.11.48:223][  0]LogConfig: Setting CVar [[r.Shadow.PreShadowResolutionFactor:1.0]]
[2020.03.23-12.11.48:223][  0]LogConfig: Setting CVar [[r.DistanceFieldShadowing:1]]
[2020.03.23-12.11.48:223][  0]LogConfig: Setting CVar [[r.DistanceFieldAO:1]]
[2020.03.23-12.11.48:223][  0]LogConfig: Setting CVar [[r.AOQuality:2]]
[2020.03.23-12.11.48:223][  0]LogConfig: Setting CVar [[r.VolumetricFog:1]]
[2020.03.23-12.11.48:223][  0]LogConfig: Setting CVar [[r.VolumetricFog.GridPixelSize:8]]
[2020.03.23-12.11.48:223][  0]LogConfig: Setting CVar [[r.VolumetricFog.GridSizeZ:128]]
[2020.03.23-12.11.48:223][  0]LogConfig: Setting CVar [[r.VolumetricFog.HistoryMissSupersampleCount:4]]
[2020.03.23-12.11.48:223][  0]LogConfig: Setting CVar [[r.LightMaxDrawDistanceScale:1]]
[2020.03.23-12.11.48:223][  0]LogConfig: Setting CVar [[r.CapsuleShadows:1]]
[2020.03.23-12.11.48:223][  0]LogConfig: Applying CVar settings from Section [PostProcessQuality@3] File [D:/workspace/unreal_engine/Saved/Config/Windows/Scalability.ini]
[2020.03.23-12.11.48:223][  0]LogConfig: Setting CVar [[r.MotionBlurQuality:4]]
[2020.03.23-12.11.48:223][  0]LogConfig: Setting CVar [[r.AmbientOcclusionMipLevelFactor:0.4]]
[2020.03.23-12.11.48:223][  0]LogConfig: Setting CVar [[r.AmbientOcclusionMaxQuality:100]]
[2020.03.23-12.11.48:223][  0]LogConfig: Setting CVar [[r.AmbientOcclusionLevels:-1]]
[2020.03.23-12.11.48:223][  0]LogConfig: Setting CVar [[r.AmbientOcclusionRadiusScale:1.0]]
[2020.03.23-12.11.48:223][  0]LogConfig: Setting CVar [[r.DepthOfFieldQuality:2]]
[2020.03.23-12.11.48:223][  0]LogConfig: Setting CVar [[r.RenderTargetPoolMin:400]]
[2020.03.23-12.11.48:223][  0]LogConfig: Setting CVar [[r.LensFlareQuality:2]]
[2020.03.23-12.11.48:223][  0]LogConfig: Setting CVar [[r.SceneColorFringeQuality:1]]
[2020.03.23-12.11.48:223][  0]LogConfig: Setting CVar [[r.EyeAdaptationQuality:2]]
[2020.03.23-12.11.48:223][  0]LogConfig: Setting CVar [[r.BloomQuality:5]]
[2020.03.23-12.11.48:223][  0]LogConfig: Setting CVar [[r.FastBlurThreshold:100]]
[2020.03.23-12.11.48:223][  0]LogConfig: Setting CVar [[r.Upscale.Quality:3]]
[2020.03.23-12.11.48:223][  0]LogConfig: Setting CVar [[r.Tonemapper.GrainQuantization:1]]
[2020.03.23-12.11.48:223][  0]LogConfig: Setting CVar [[r.LightShaftQuality:1]]
[2020.03.23-12.11.48:223][  0]LogConfig: Setting CVar [[r.Filter.SizeScale:1]]
[2020.03.23-12.11.48:223][  0]LogConfig: Setting CVar [[r.Tonemapper.Quality:5]]
[2020.03.23-12.11.48:223][  0]LogConfig: Setting CVar [[r.DOF.Gather.AccumulatorQuality:1        ; higher gathering accumulator quality]]
[2020.03.23-12.11.48:223][  0]LogConfig: Setting CVar [[r.DOF.Gather.PostfilterMethod:1          ; Median3x3 postfilering method]]
[2020.03.23-12.11.48:223][  0]LogConfig: Setting CVar [[r.DOF.Gather.EnableBokehSettings:0       ; no bokeh simulation when gathering]]
[2020.03.23-12.11.48:223][  0]LogConfig: Setting CVar [[r.DOF.Gather.RingCount:4                 ; medium number of samples when gathering]]
[2020.03.23-12.11.48:223][  0]LogConfig: Setting CVar [[r.DOF.Scatter.ForegroundCompositing:1    ; additive foreground scattering]]
[2020.03.23-12.11.48:223][  0]LogConfig: Setting CVar [[r.DOF.Scatter.BackgroundCompositing:2    ; additive background scattering]]
[2020.03.23-12.11.48:224][  0]LogConfig: Setting CVar [[r.DOF.Scatter.EnableBokehSettings:1      ; bokeh simulation when scattering]]
[2020.03.23-12.11.48:224][  0]LogConfig: Setting CVar [[r.DOF.Scatter.MaxSpriteRatio:0.1         ; only a maximum of 10% of scattered bokeh]]
[2020.03.23-12.11.48:224][  0]LogConfig: Setting CVar [[r.DOF.Recombine.Quality:1                ; cheap slight out of focus]]
[2020.03.23-12.11.48:224][  0]LogConfig: Setting CVar [[r.DOF.Recombine.EnableBokehSettings:0    ; no bokeh simulation on slight out of focus]]
[2020.03.23-12.11.48:224][  0]LogConfig: Setting CVar [[r.DOF.TemporalAAQuality:1                ; more stable temporal accumulation]]
[2020.03.23-12.11.48:224][  0]LogConfig: Setting CVar [[r.DOF.Kernel.MaxForegroundRadius:0.025]]
[2020.03.23-12.11.48:224][  0]LogConfig: Setting CVar [[r.DOF.Kernel.MaxBackgroundRadius:0.025]]
[2020.03.23-12.11.48:224][  0]LogConfig: Applying CVar settings from Section [TextureQuality@3] File [D:/workspace/unreal_engine/Saved/Config/Windows/Scalability.ini]
[2020.03.23-12.11.48:224][  0]LogConfig: Setting CVar [[r.Streaming.MipBias:0]]
[2020.03.23-12.11.48:224][  0]LogConfig: Setting CVar [[r.Streaming.AmortizeCPUToGPUCopy:0]]
[2020.03.23-12.11.48:224][  0]LogConfig: Setting CVar [[r.Streaming.MaxNumTexturesToStreamPerFrame:0]]
[2020.03.23-12.11.48:224][  0]LogConfig: Setting CVar [[r.Streaming.Boost:1]]
[2020.03.23-12.11.48:224][  0]LogConfig: Setting CVar [[r.MaxAnisotropy:8]]
[2020.03.23-12.11.48:224][  0]LogConfig: Setting CVar [[r.Streaming.LimitPoolSizeToVRAM:0]]
[2020.03.23-12.11.48:224][  0]LogConfig: Setting CVar [[r.Streaming.PoolSize:1000]]
[2020.03.23-12.11.48:224][  0]LogConfig: Setting CVar [[r.Streaming.MaxEffectiveScreenSize:0]]
[2020.03.23-12.11.48:224][  0]LogConfig: Applying CVar settings from Section [EffectsQuality@3] File [D:/workspace/unreal_engine/Saved/Config/Windows/Scalability.ini]
[2020.03.23-12.11.48:224][  0]LogConfig: Setting CVar [[r.TranslucencyLightingVolumeDim:64]]
[2020.03.23-12.11.48:224][  0]LogConfig: Setting CVar [[r.RefractionQuality:2]]
[2020.03.23-12.11.48:224][  0]LogConfig: Setting CVar [[r.SSR.Quality:3]]
[2020.03.23-12.11.48:224][  0]LogConfig: Setting CVar [[r.SceneColorFormat:4]]
[2020.03.23-12.11.48:224][  0]LogConfig: Setting CVar [[r.DetailMode:2]]
[2020.03.23-12.11.48:224][  0]LogConfig: Setting CVar [[r.TranslucencyVolumeBlur:1]]
[2020.03.23-12.11.48:224][  0]LogConfig: Setting CVar [[r.MaterialQualityLevel:1 ; High quality]]
[2020.03.23-12.11.48:224][  0]LogConfig: Setting CVar [[r.SSS.Scale:1]]
[2020.03.23-12.11.48:224][  0]LogConfig: Setting CVar [[r.SSS.SampleSet:2]]
[2020.03.23-12.11.48:224][  0]LogConfig: Setting CVar [[r.SSS.Quality:1]]
[2020.03.23-12.11.48:224][  0]LogConfig: Setting CVar [[r.SSS.HalfRes:1]]
[2020.03.23-12.11.48:224][  0]LogConfig: Setting CVar [[r.EmitterSpawnRateScale:1.0]]
[2020.03.23-12.11.48:224][  0]LogConfig: Setting CVar [[r.ParticleLightQuality:2]]
[2020.03.23-12.11.48:224][  0]LogConfig: Applying CVar settings from Section [FoliageQuality@3] File [D:/workspace/unreal_engine/Saved/Config/Windows/Scalability.ini]
[2020.03.23-12.11.48:224][  0]LogConfig: Setting CVar [[foliage.DensityScale:1.0]]
[2020.03.23-12.11.48:224][  0]LogConfig: Setting CVar [[grass.DensityScale:1.0]]
[2020.03.23-12.11.48:224][  0]LogConfig: Applying CVar settings from Section [Startup] File [../../../Engine/Config/ConsoleVariables.ini]
[2020.03.23-12.11.48:224][  0]LogConfig: Setting CVar [[net.UseAdaptiveNetUpdateFrequency:0]]
[2020.03.23-12.11.48:224][  0]LogConfig: Setting CVar [[p.chaos.AllowCreatePhysxBodies:1]]
[2020.03.23-12.11.48:224][  0]LogConfig: Applying CVar settings from Section [ConsoleVariables] File [D:/workspace/unreal_engine/Saved/Config/Windows/Engine.ini]
[2020.03.23-12.11.48:224][  0]LogInit: Computer: DESKTOP-UPI7KN2
[2020.03.23-12.11.48:224][  0]LogInit: User: User
[2020.03.23-12.11.48:224][  0]LogInit: CPU Page size=4096, Cores=2
[2020.03.23-12.11.48:224][  0]LogInit: High frequency timer resolution =10.000000 MHz
[2020.03.23-12.11.48:224][  0]LogMemory: Memory total: Physical=4.0GB (4GB approx)
[2020.03.23-12.11.48:225][  0]LogMemory: Platform Memory Stats for Windows
[2020.03.23-12.11.48:225][  0]LogMemory: Process Physical Memory: 100.00 MB used, 100.01 MB peak
[2020.03.23-12.11.48:225][  0]LogMemory: Process Virtual Memory: 99.54 MB used, 99.54 MB peak
[2020.03.23-12.11.48:225][  0]LogMemory: Physical Memory: 3573.83 MB used,  485.26 MB free, 4059.09 MB total
[2020.03.23-12.11.48:225][  0]LogMemory: Virtual Memory: 4666.15 MB used,  134213064.00 MB free, 134217728.00 MB total
[2020.03.23-12.11.48:226][  0]LogWindows: WindowsPlatformFeatures enabled
[2020.03.23-12.11.48:243][  0]LogInit: Using OS detected language (el-GR).
[2020.03.23-12.11.48:243][  0]LogInit: Using OS detected locale (el-GR).
[2020.03.23-12.11.48:244][  0]LogTextLocalizationManager: No localization for 'el-GR' exists, so 'en' will be used for the language.
[2020.03.23-12.11.48:759][  0]LogInit: Setting process to per monitor DPI aware
[2020.03.23-12.11.48:932][  0]LogSlate: New Slate User Created.  User Index 0, Is Virtual User: 0
[2020.03.23-12.11.48:932][  0]LogSlate: Slate User Registered.  User Index 0, Is Virtual User: 0
[2020.03.23-12.11.49:668][  0]LogHMD: Failed to initialize OpenVR with code 110
[2020.03.23-12.11.49:668][  0]LogD3D11RHI: D3D11 adapters:
[2020.03.23-12.11.49:703][  0]LogD3D11RHI:    0. 'AMD Radeon (TM) R7 360 Series' (Feature Level 11_0)
[2020.03.23-12.11.49:703][  0]LogD3D11RHI:       2025/0/2029 MB DedicatedVideo/DedicatedSystem/SharedSystem, Outputs:1, VendorId:0x1002
[2020.03.23-12.11.49:707][  0]LogD3D11RHI:    1. 'Microsoft Basic Render Driver' (Feature Level 11_0)
[2020.03.23-12.11.49:707][  0]LogD3D11RHI:       0/0/2029 MB DedicatedVideo/DedicatedSystem/SharedSystem, Outputs:0, VendorId:0x1414
[2020.03.23-12.11.49:707][  0]LogD3D11RHI: Chosen D3D11 Adapter: 0
[2020.03.23-12.11.49:713][  0]LogD3D11RHI: Creating new Direct3DDevice
[2020.03.23-12.11.49:713][  0]LogD3D11RHI:     GPU DeviceId: 0x665f (for the marketing name, search the web for "GPU Device Id")
[2020.03.23-12.11.49:713][  0]LogWindows: EnumDisplayDevices:
[2020.03.23-12.11.49:714][  0]LogWindows:    0. 'AMD Radeon (TM) R7 360 Series' (P:1 D:1)
[2020.03.23-12.11.49:714][  0]LogWindows:    1. 'AMD Radeon (TM) R7 360 Series' (P:0 D:0)
[2020.03.23-12.11.49:715][  0]LogWindows:    2. 'AMD Radeon (TM) R7 360 Series' (P:0 D:0)
[2020.03.23-12.11.49:715][  0]LogWindows:    3. 'AMD Radeon (TM) R7 360 Series' (P:0 D:0)
[2020.03.23-12.11.49:716][  0]LogWindows:    4. 'AMD Radeon (TM) R7 360 Series' (P:0 D:0)
[2020.03.23-12.11.49:716][  0]LogWindows:    5. 'AMD Radeon (TM) R7 360 Series' (P:0 D:0)
[2020.03.23-12.11.49:717][  0]LogWindows: DebugString: FoundDriverCount:6 
[2020.03.23-12.11.49:717][  0]LogD3D11RHI:     Adapter Name: AMD Radeon (TM) R7 360 Series
[2020.03.23-12.11.49:717][  0]LogD3D11RHI:   Driver Version: Crimson ReLive 17.1.1 (internal:22.19.162.4, unified:22.19.162.4)
[2020.03.23-12.11.49:717][  0]LogD3D11RHI:      Driver Date: 4-24-2017
[2020.03.23-12.11.49:717][  0]LogRHI: Texture pool is 1417 MB (70% of 2025 MB)
[2020.03.23-12.11.49:908][  0]LogD3D11RHI: Async texture creation enabled
[2020.03.23-12.11.49:921][  0]LogD3D11RHI: GPU Timing Frequency: 27.000000 (Debug: 2 1)
[2020.03.23-12.11.50:726][  0]LogTemp: Display: Module 'AllDesktopTargetPlatform' loaded TargetPlatform 'AllDesktop'
[2020.03.23-12.11.50:734][  0]LogTemp: Display: Module 'MacClientTargetPlatform' loaded TargetPlatform 'MacClient'
[2020.03.23-12.11.50:745][  0]LogTemp: Display: Module 'MacNoEditorTargetPlatform' loaded TargetPlatform 'MacNoEditor'
[2020.03.23-12.11.50:757][  0]LogTemp: Display: Module 'MacServerTargetPlatform' loaded TargetPlatform 'MacServer'
[2020.03.23-12.11.50:766][  0]LogTemp: Display: Module 'MacTargetPlatform' loaded TargetPlatform 'Mac'
[2020.03.23-12.11.50:775][  0]LogTemp: Display: Module 'WindowsClientTargetPlatform' loaded TargetPlatform 'WindowsClient'
[2020.03.23-12.11.50:784][  0]LogTemp: Display: Module 'WindowsNoEditorTargetPlatform' loaded TargetPlatform 'WindowsNoEditor'
[2020.03.23-12.11.50:795][  0]LogTemp: Display: Module 'WindowsServerTargetPlatform' loaded TargetPlatform 'WindowsServer'
[2020.03.23-12.11.50:799][  0]LogTemp: Display: Module 'WindowsTargetPlatform' loaded TargetPlatform 'Windows'
[2020.03.23-12.11.50:846][  0]LogTemp: Display: Module 'AndroidTargetPlatform' loaded TargetPlatform 'Android'
[2020.03.23-12.11.50:846][  0]LogTemp: Display: Module 'AndroidTargetPlatform' loaded TargetPlatform 'Android_ASTC'
[2020.03.23-12.11.50:846][  0]LogTemp: Display: Module 'AndroidTargetPlatform' loaded TargetPlatform 'Android_ATC'
[2020.03.23-12.11.50:846][  0]LogTemp: Display: Module 'AndroidTargetPlatform' loaded TargetPlatform 'Android_DXT'
[2020.03.23-12.11.50:846][  0]LogTemp: Display: Module 'AndroidTargetPlatform' loaded TargetPlatform 'Android_ETC1'
[2020.03.23-12.11.50:846][  0]LogTemp: Display: Module 'AndroidTargetPlatform' loaded TargetPlatform 'Android_ETC1a'
[2020.03.23-12.11.50:846][  0]LogTemp: Display: Module 'AndroidTargetPlatform' loaded TargetPlatform 'Android_ETC2'
[2020.03.23-12.11.50:846][  0]LogTemp: Display: Module 'AndroidTargetPlatform' loaded TargetPlatform 'Android_PVRTC'
[2020.03.23-12.11.50:846][  0]LogTemp: Display: Module 'AndroidTargetPlatform' loaded TargetPlatform 'AndroidClient'
[2020.03.23-12.11.50:846][  0]LogTemp: Display: Module 'AndroidTargetPlatform' loaded TargetPlatform 'Android_ASTCClient'
[2020.03.23-12.11.50:846][  0]LogTemp: Display: Module 'AndroidTargetPlatform' loaded TargetPlatform 'Android_ATCClient'
[2020.03.23-12.11.50:846][  0]LogTemp: Display: Module 'AndroidTargetPlatform' loaded TargetPlatform 'Android_DXTClient'
[2020.03.23-12.11.50:846][  0]LogTemp: Display: Module 'AndroidTargetPlatform' loaded TargetPlatform 'Android_ETC1Client'
[2020.03.23-12.11.50:846][  0]LogTemp: Display: Module 'AndroidTargetPlatform' loaded TargetPlatform 'Android_ETC1aClient'
[2020.03.23-12.11.50:846][  0]LogTemp: Display: Module 'AndroidTargetPlatform' loaded TargetPlatform 'Android_ETC2Client'
[2020.03.23-12.11.50:846][  0]LogTemp: Display: Module 'AndroidTargetPlatform' loaded TargetPlatform 'Android_PVRTCClient'
[2020.03.23-12.11.50:846][  0]LogTemp: Display: Module 'AndroidTargetPlatform' loaded TargetPlatform 'Android_Multi'
[2020.03.23-12.11.50:846][  0]LogTemp: Display: Module 'AndroidTargetPlatform' loaded TargetPlatform 'Android_MultiClient'
[2020.03.23-12.11.50:848][  0]LogTemp: Display: Module 'HTML5TargetPlatform' loaded TargetPlatform 'HTML5'
[2020.03.23-12.11.50:866][  0]LogTemp: Display: Module 'IOSTargetPlatform' loaded TargetPlatform 'IOSClient'
[2020.03.23-12.11.50:866][  0]LogTemp: Display: Module 'IOSTargetPlatform' loaded TargetPlatform 'IOS'
[2020.03.23-12.11.50:885][  0]LogTemp: Display: Module 'TVOSTargetPlatform' loaded TargetPlatform 'TVOSClient'
[2020.03.23-12.11.50:885][  0]LogTemp: Display: Module 'TVOSTargetPlatform' loaded TargetPlatform 'TVOS'
[2020.03.23-12.11.50:894][  0]LogTemp: Display: Module 'LinuxClientTargetPlatform' loaded TargetPlatform 'LinuxClient'
[2020.03.23-12.11.50:902][  0]LogTemp: Display: Module 'LinuxNoEditorTargetPlatform' loaded TargetPlatform 'LinuxNoEditor'
[2020.03.23-12.11.50:912][  0]LogTemp: Display: Module 'LinuxServerTargetPlatform' loaded TargetPlatform 'LinuxServer'
[2020.03.23-12.11.50:920][  0]LogTemp: Display: Module 'LinuxTargetPlatform' loaded TargetPlatform 'Linux'
[2020.03.23-12.11.50:948][  0]LogTemp: Display: Module 'LuminTargetPlatform' loaded TargetPlatform 'Lumin'
[2020.03.23-12.11.50:948][  0]LogTemp: Display: Module 'LuminTargetPlatform' loaded TargetPlatform 'LuminClient'
[2020.03.23-12.11.50:948][  0]LogTargetPlatformManager: Display: Building Assets For Windows
[2020.03.23-12.11.50:960][  0]LogAudioDebug: Display: Lib vorbis DLL was dynamically loaded.
[2020.03.23-12.11.51:009][  0]LogShaderCompilers: Guid format shader working directory is 7 characters bigger than the processId version (../../../../../workspace/unreal_engine/Intermediate/Shaders/WorkingDirectory/6176/).
[2020.03.23-12.11.51:009][  0]LogShaderCompilers: Cleaned the shader compiler working directory 'C:/Users/User/AppData/Local/Temp/UnrealShaderWorkingDir/B839BB984E27EF89157AD4AEFDF15EA5/'.
[2020.03.23-12.11.51:020][  0]LogXGEController: Cannot use XGE Controller as Incredibuild is not installed on this machine.
[2020.03.23-12.11.51:020][  0]LogShaderCompilers: Cannot use XGE Shader Compiler as Incredibuild is not installed on this machine.
[2020.03.23-12.11.51:020][  0]LogShaderCompilers: Display: Using Local Shader Compiler.
[2020.03.23-12.11.52:202][  0]LogDerivedDataCache: Display: Max Cache Size: 512 MB
[2020.03.23-12.11.52:330][  0]LogDerivedDataCache: Loaded boot cache 0.13s 73MB C:/Users/User/AppData/Local/UnrealEngine/4.23/DerivedDataCache/Boot.ddc.
[2020.03.23-12.11.52:330][  0]LogDerivedDataCache: Display: Loaded Boot cache: C:/Users/User/AppData/Local/UnrealEngine/4.23/DerivedDataCache/Boot.ddc
[2020.03.23-12.11.52:330][  0]LogDerivedDataCache: FDerivedDataBackendGraph:  Pak pak cache file ../../../../../workspace/unreal_engine/DerivedDataCache/DDC.ddp not found, will not use a pak cache.
[2020.03.23-12.11.52:330][  0]LogDerivedDataCache: Unable to find inner node Pak for hierarchical cache Hierarchy.
[2020.03.23-12.11.52:330][  0]LogDerivedDataCache: FDerivedDataBackendGraph:  CompressedPak pak cache file ../../../../../workspace/unreal_engine/DerivedDataCache/Compressed.ddp not found, will not use a pak cache.
[2020.03.23-12.11.52:330][  0]LogDerivedDataCache: Unable to find inner node CompressedPak for hierarchical cache Hierarchy.
[2020.03.23-12.11.52:355][  0]LogDerivedDataCache: Display: Pak cache opened for reading ../../../Engine/DerivedDataCache/Compressed.ddp.
[2020.03.23-12.11.52:355][  0]LogDerivedDataCache: FDerivedDataBackendGraph:  EnterprisePak pak cache file ../../../Enterprise/DerivedDataCache/Compressed.ddp not found, will not use a pak cache.
[2020.03.23-12.11.52:355][  0]LogDerivedDataCache: Unable to find inner node EnterprisePak for hierarchical cache Hierarchy.
[2020.03.23-12.11.52:357][  0]LogDerivedDataCache: Using Local data cache path C:/Users/User/AppData/Local/UnrealEngine/Common/DerivedDataCache: Writable
[2020.03.23-12.11.52:357][  0]LogDerivedDataCache: Shared data cache path not found in *engine.ini, will not use an Shared cache.
[2020.03.23-12.11.52:357][  0]LogDerivedDataCache: Unable to find inner node Shared for hierarchical cache Hierarchy.
[2020.03.23-12.11.52:383][  0]LogMaterial: Verifying Global Shaders for PCD3D_SM5
[2020.03.23-12.11.52:385][  0]LogSlate: Using FreeType 2.6.0
[2020.03.23-12.11.52:468][  0]LogSlate: SlateFontServices - WITH_FREETYPE: 1, WITH_HARFBUZZ: 1
[2020.03.23-12.11.53:521][  0]LogAssetRegistry: FAssetRegistry took 0.0033 seconds to start up
[2020.03.23-12.11.53:902][  0]LogInit: Selected Device Profile: [Windows]
[2020.03.23-12.11.55:643][  0]LogMeshReduction: Using QuadricMeshReduction for automatic static mesh reduction
[2020.03.23-12.11.55:643][  0]LogMeshReduction: Using SimplygonMeshReduction for automatic skeletal mesh reduction
[2020.03.23-12.11.55:643][  0]LogMeshReduction: Using ProxyLODMeshReduction for automatic mesh merging
[2020.03.23-12.11.55:643][  0]LogMeshReduction: No distributed automatic mesh merging module available
[2020.03.23-12.11.55:643][  0]LogMeshMerging: No distributed automatic mesh merging module available
[2020.03.23-12.11.55:728][  0]LogNetVersion: SpaciumGame 1.0.0, NetCL: 8386587, EngineNetVer: 11, GameNetVer: 0 (Checksum: 3577045268)
[2020.03.23-12.11.59:851][  0]LogPackageLocalizationCache: Processed 12 localized package path(s) for 1 prioritized culture(s) in 0.421422 seconds
[2020.03.23-12.11.59:861][  0]LogUObjectArray: 43444 objects as part of root set at end of initial load.
[2020.03.23-12.11.59:861][  0]LogUObjectAllocator: 7548648 out of 0 bytes used by permanent object pool.
[2020.03.23-12.11.59:861][  0]LogUObjectArray: CloseDisregardForGC: 0/0 objects in disregard for GC pool
[2020.03.23-12.12.09:031][  0]LogTcpMessaging: Initializing TcpMessaging bridge
[2020.03.23-12.12.09:049][  0]LogUdpMessaging: Initializing bridge on interface 0.0.0.0:0 to multicast group 230.0.0.1:6666.
[2020.03.23-12.12.09:401][  0]SourceControl: Source control is disabled
[2020.03.23-12.12.09:402][  0]SourceControl: Source control is disabled
[2020.03.23-12.12.09:445][  0]SourceControl: Source control is disabled
[2020.03.23-12.12.09:461][  0]SourceControl: Source control is disabled
[2020.03.23-12.12.09:472][  0]LogVSAccessor: Display: Unable to create Visual Studio setup instance: 80040154
[2020.03.23-12.12.09:473][  0]LogVSAccessor: Display: Unable to create Visual Studio setup instance: 80040154
[2020.03.23-12.12.10:046][  0]LogAndroidPermission: UAndroidPermissionCallbackProxy::GetInstance
[2020.03.23-12.12.10:475][  0]LogOcInput: OculusInput pre-init called
[2020.03.23-12.12.10:507][  0]LogWindows: Failed to load 'OVRPlugin.dll' (GetLastError=126)
[2020.03.23-12.12.10:507][  0]LogWindows: File 'OVRPlugin.dll' does not exist
[2020.03.23-12.12.10:722][  0]LogEngine: Initializing Engine...
[2020.03.23-12.12.10:723][  0]LogHMD: Failed to initialize OpenVR with code 110
[2020.03.23-12.12.10:724][  0]LogStats: UGameplayTagsManager::InitializeManager -  0.000 s
[2020.03.23-12.12.11:376][  0]LogInit: Initializing FReadOnlyCVARCache
[2020.03.23-12.12.11:438][  0]LogAIModule: Creating AISystem for world Untitled
[2020.03.23-12.12.11:456][  0]LogInit: XAudio2 using 'Speakers (2- High Definition Audio Device)' : 2 channels at 48 kHz using 32 bits per sample (channel mask 0x3)
[2020.03.23-12.12.11:473][  0]LogInit: FAudioDevice initialized.
[2020.03.23-12.12.11:473][  0]LogNetVersion: Set ProjectVersion to 1.0.0.0. Version Checksum will be recalculated on next use.
[2020.03.23-12.12.11:584][  0]LogDerivedDataCache: Saved boot cache 0.11s 73MB C:/Users/User/AppData/Local/UnrealEngine/4.23/DerivedDataCache/Boot.ddc.
[2020.03.23-12.12.11:589][  0]LogInit: Texture streaming: Enabled
[2020.03.23-12.12.11:639][  0]LogEngineSessionManager: EngineSessionManager initialized
[2020.03.23-12.12.11:639][  0]LogEditorSessionSummary: Verbose: Initializing EditorSessionSummaryWriter for editor session tracking
[2020.03.23-12.12.11:644][  0]LogEditorSessionSummary: EditorSessionSummaryWriter initialized
[2020.03.23-12.12.11:806][  0]LogInit: Transaction tracking system initialized
[2020.03.23-12.12.12:024][  0]BlueprintLog: New page: Editor Load
[2020.03.23-12.12.12:408][  0]LocalizationService: Localization service is disabled
[2020.03.23-12.12.12:788][  0]LogVSAccessor: Display: Unable to create Visual Studio setup instance: 80040154
[2020.03.23-12.12.12:788][  0]LogVSAccessor: Display: Unable to create Visual Studio setup instance: 80040154
[2020.03.23-12.12.14:301][  0]LogCook: Display: Max memory allowance for cook 16384mb min free memory 0mb
[2020.03.23-12.12.14:301][  0]LogCook: Display: Mobile HDR setting 1
[2020.03.23-12.12.14:559][  0]LogFileCache: Scanning file cache for directory 'D:/workspace/unreal_engine/Content/' took 0.06s
[2020.03.23-12.12.16:059][  0]SourceControl: Source control is disabled
[2020.03.23-12.12.16:060][  0]Cmd: MAP LOAD FILE="../../../../../workspace/unreal_engine/Content/Levels/Main_Menu.umap" TEMPLATE=0 SHOWPROGRESS=1 FEATURELEVEL=3
[2020.03.23-12.12.16:091][  0]LightingResults: New page: Lighting Build
[2020.03.23-12.12.16:113][  0]LogWorld: UWorld::CleanupWorld for Untitled, bSessionEnded=true, bCleanupResources=true
[2020.03.23-12.12.16:114][  0]MapCheck: New page: Map Check
[2020.03.23-12.12.16:114][  0]LightingResults: New page: Lighting Build
[2020.03.23-12.12.16:172][  0]LogUObjectHash: Compacting FUObjectHashTables data took   2.52ms
[2020.03.23-12.12.16:609][  0]LogAIModule: Creating AISystem for world Main_Menu
[2020.03.23-12.12.16:610][  0]LogEditorServer: Finished looking for orphan Actors (0.000 secs)
[2020.03.23-12.12.16:639][  0]LogUObjectHash: Compacting FUObjectHashTables data took   2.06ms
[2020.03.23-12.12.16:639][  0]Cmd: MAP CHECKDEP NOCLEARLOG
[2020.03.23-12.12.16:640][  0]MapCheck: Map check complete: 0 Error(s), 0 Warning(s), took 0,101ms to complete.
[2020.03.23-12.12.16:640][  0]LogFileHelpers: Loading map 'Main_Menu' took 0.580
[2020.03.23-12.12.17:335][  0]LogSlate: Updating window title bar state: overlay mode, drag disabled, window buttons hidden, title bar hidden
[2020.03.23-12.12.17:343][  0]LogSlate: Updating window title bar state: overlay mode, drag disabled, window buttons hidden, title bar hidden
[2020.03.23-12.12.17:350][  0]LogSlate: Updating window title bar state: overlay mode, drag disabled, window buttons hidden, title bar hidden
[2020.03.23-12.12.17:356][  0]LogSlate: Updating window title bar state: overlay mode, drag disabled, window buttons hidden, title bar hidden
[2020.03.23-12.12.17:467][  0]LogCollectionManager: Loaded 0 collections in 0.008753 seconds
[2020.03.23-12.12.17:590][  0]LogFileCache: Scanning file cache for directory 'D:/workspace/unreal_engine/Saved/Collections/' took 0.00s
[2020.03.23-12.12.17:590][  0]LogFileCache: Scanning file cache for directory 'D:/workspace/unreal_engine/Content/Developers/User/Collections/' took 0.00s
[2020.03.23-12.12.17:590][  0]LogFileCache: Scanning file cache for directory 'D:/workspace/unreal_engine/Content/Collections/' took 0.00s
[2020.03.23-12.12.17:590][  0]LogCollectionManager: Rebuilt the GUID cache for 0 collections in 0.000003 seconds
[2020.03.23-12.12.17:621][  0]LogContentBrowser: Native class hierarchy populated in 0.0301 seconds. Added 2863 classes and 680 folders.
[2020.03.23-12.12.17:766][  0]LogContentBrowser: Native class hierarchy updated for 'WidgetCarousel' in 0.0002 seconds. Added 0 classes and 0 folders.
[2020.03.23-12.12.18:494][  0]LogContentBrowser: Native class hierarchy updated for 'AddContentDialog' in 0.0002 seconds. Added 0 classes and 0 folders.
[2020.03.23-12.12.18:579][  0]LogContentBrowser: Native class hierarchy updated for 'SceneOutliner' in 0.0003 seconds. Added 1 classes and 2 folders.
[2020.03.23-12.12.18:933][  0]LogSlate: Took 0.014003 seconds to synchronously load lazily loaded font '../../../Engine/Content/Slate/Fonts/Roboto-Regular.ttf' (155K)
[2020.03.23-12.12.18:970][  0]LogSlate: Took 0.020936 seconds to synchronously load lazily loaded font '../../../Engine/Content/Slate/Fonts/Roboto-Bold.ttf' (160K)
[2020.03.23-12.12.19:069][  0]LogSlate: Took 0.019194 seconds to synchronously load lazily loaded font '../../../Engine/Content/Editor/Slate/Fonts/FontAwesome.ttf' (139K)
[2020.03.23-12.12.19:539][  0]LogRenderer: Reallocating scene render targets to support 1616x572 Format 10 NumSamples 1 (Frame:1).
[2020.03.23-12.12.20:157][  0]LogContentBrowser: Native class hierarchy updated for 'HierarchicalLODOutliner' in 0.0002 seconds. Added 0 classes and 0 folders.
[2020.03.23-12.12.20:158][  0]LogLoad: (Engine Initialization) Total time: 33.48 seconds
[2020.03.23-12.12.20:158][  0]LogLoad: (Engine Initialization) Total Blueprint compile time: 0.00 seconds
[2020.03.23-12.12.20:275][  0]LogContentStreaming: Texture pool size now 1000 MB
[2020.03.23-12.12.21:366][ 14]LogSlate: Took 0.013330 seconds to synchronously load lazily loaded font '../../../Engine/Content/Slate/Fonts/Roboto-Light.ttf' (167K)
[2020.03.23-12.12.21:722][ 18]LogSlate: Took 0.000276 seconds to synchronously load lazily loaded font '../../../Engine/Content/Slate/Fonts/Roboto-Light.ttf' (167K)
[2020.03.23-12.12.22:197][ 26]LogAssetRegistry: Asset discovery search completed in 28.6772 seconds
[2020.03.23-12.12.22:204][ 26]LogCollectionManager: Rebuilt the object cache for 0 collections in 0.000008 seconds (found 0 objects)
[2020.03.23-12.12.22:204][ 26]LogCollectionManager: Fixed up redirectors for 0 collections in 0.000086 seconds (updated 0 objects)
[2020.03.23-12.12.25:171][296]LogSlate: FSceneViewport::OnFocusLost() reason 0
[2020.03.23-12.12.25:372][311]LogAssetEditorManager: Opening Asset editor for WidgetBlueprint /Game/Widgets/Menus/Pause_Menu/Pause_Menu.Pause_Menu
[2020.03.23-12.12.26:314][311]LogContentBrowser: Native class hierarchy updated for 'BlueprintGraph' in 0.0005 seconds. Added 121 classes and 0 folders.
[2020.03.23-12.12.28:624][311]LogSlate: Took 0.031459 seconds to synchronously load lazily loaded font '../../../Engine/Content/Slate/Fonts/Roboto-BoldCondensed.ttf' (158K)
[2020.03.23-12.13.20:402][872]LogEditorSessionSummary: EditorSessionSummary sent report. Type=Crashed, SessionId={0769FB1A-4237-A957-911A-0FAE35B5AFDD}
[2020.03.23-12.13.20:403][872]LogEditorSessionSummary: EditorSessionSummary sent report. Type=Crashed, SessionId={E7EFADBD-4682-0CD8-E9C7-A3934E56B886}
[2020.03.23-12.13.50:879][114]LogSlate: Took 0.056128 seconds to synchronously load lazily loaded font '../../../Engine/Content/Slate/Fonts/DroidSansFallback.ttf' (3848K)
[2020.03.23-12.14.00:607][914]LogSlate: Took 0.012768 seconds to synchronously load lazily loaded font '../../../Engine/Content/Slate/Fonts/Roboto-Italic.ttf' (157K)
[2020.03.23-12.14.12:751][ 29]LogSlate: Only BGRA pngs, bmps or icos are supported in by External Image Picker
[2020.03.23-12.14.15:846][298]LogSlate: Window 'Project Settings' being destroyed
[2020.03.23-12.14.15:849][298]LogSlate: Window 'Project Settings' being destroyed
[2020.03.23-12.14.29:086][853]LogSlate: FSceneViewport::OnFocusLost() reason 2
[2020.03.23-12.14.33:753][408]LogEditorViewport: Clicking Background
[2020.03.23-12.14.34:919][498]LogSlate: FSceneViewport::OnFocusLost() reason 2
[2020.03.23-12.14.36:024][607]LogSlate: FSceneViewport::OnFocusLost() reason 5
[2020.03.23-12.14.36:026][607]LogAssetEditorManager: Opening Asset editor for LevelScriptBlueprint /Game/Levels/Main_Menu.Main_Menu:PersistentLevel.Main_Menu
[2020.03.23-12.15.15:949][758]BlueprintLog: New page: Compile Pause_Menu
[2020.03.23-12.15.16:213][758]LogUObjectHash: Compacting FUObjectHashTables data took  10.86ms
[2020.03.23-12.15.16:713][791]Cmd: OBJ SAVEPACKAGE PACKAGE="/Game/Widgets/Menus/Pause_Menu/Pause_Menu" FILE="../../../../../workspace/unreal_engine/Content/Widgets/Menus/Pause_Menu/Pause_Menu.uasset" SILENT=true
[2020.03.23-12.15.16:944][791]LogSavePackage: Moving '../../../../../workspace/unreal_engine/Saved/Pause_Menu0E527E6F4C6D4CF8FC02099C6C2344A1.tmp' to '../../../../../workspace/unreal_engine/Content/Widgets/Menus/Pause_Menu/Pause_Menu.uasset'
[2020.03.23-12.15.31:823][175]LogSlate: FSceneViewport::OnFocusLost() reason 0
[2020.03.23-12.15.34:685][488]LogTemp: Repeating last play command: Standalone Game
[2020.03.23-12.15.34:763][488]LogUObjectHash: Compacting FUObjectHashTables data took   7.42ms
[2020.03.23-12.16.41:545][653]LogSlate: FSceneViewport::OnFocusLost() reason 5
[2020.03.23-12.17.24:513][286]LogTemp: Repeating last play command: Standalone Game
[2020.03.23-12.17.24:587][286]LogUObjectHash: Compacting FUObjectHashTables data took   1.18ms
[2020.03.23-12.18.07:569][769]LogWindowsTextInputMethodSystem: Display: IME system now deactivated.
[2020.03.23-12.18.07:569][769]LogWindowsTextInputMethodSystem: Display: IME system now deactivated.
[2020.03.23-12.18.39:744][872]BlueprintLog: New page: Compile Pause_Menu
[2020.03.23-12.18.39:810][872]LogUObjectHash: Compacting FUObjectHashTables data took   5.19ms
[2020.03.23-12.18.40:381][927]Cmd: OBJ SAVEPACKAGE PACKAGE="/Game/Widgets/Menus/Pause_Menu/Pause_Menu" FILE="../../../../../workspace/unreal_engine/Content/Widgets/Menus/Pause_Menu/Pause_Menu.uasset" SILENT=true
[2020.03.23-12.18.40:458][927]LogSavePackage: Moving '../../../../../workspace/unreal_engine/Saved/Pause_Menu170EEE244F135334F2A3D181F669CCE9.tmp' to '../../../../../workspace/unreal_engine/Content/Widgets/Menus/Pause_Menu/Pause_Menu.uasset'
[2020.03.23-12.18.42:931][203]LogSlate: FSceneViewport::OnFocusLost() reason 0
[2020.03.23-12.18.47:750][747]LogSlate: FSceneViewport::OnFocusLost() reason 0
[2020.03.23-12.18.50:197][ 32]LogAssetEditorManager: Opening Asset editor for Blueprint /Game/2DSideScrollerBP/character/2DSideScrollerCharacter.2DSideScrollerCharacter
[2020.03.23-12.19.10:148][472]BlueprintLog: New page: Compile 2DSideScrollerCharacter
[2020.03.23-12.19.10:722][472]LogUObjectHash: Compacting FUObjectHashTables data took   5.83ms
[2020.03.23-12.19.11:330][513]LogSavePackage: Moving '../../../../../workspace/unreal_engine/Saved/2DSideScrollerCharacter2C716AC1431CD9AE5C26B69338DC164A.tmp' to '../../../../../workspace/unreal_engine/Content/2DSideScrollerBP/character/2DSideScrollerCharacter.uasset'
[2020.03.23-12.19.18:151][966]LogSlate: FSceneViewport::OnFocusLost() reason 0
[2020.03.23-12.19.18:429][966]LogTemp: Repeating last play command: Standalone Game
[2020.03.23-12.19.18:489][966]LogUObjectHash: Compacting FUObjectHashTables data took   5.17ms
[2020.03.23-12.21.20:446][654]LogEditorSessionSummary: EditorSessionSummary sent report. Type=Shutdown, SessionId={DFC30A76-4804-2935-07A0-C9ADA41C3392}
[2020.03.23-12.21.48:569][619]BlueprintLog: New page: Compile Pause_Menu
[2020.03.23-12.21.48:630][619]LogUObjectHash: Compacting FUObjectHashTables data took   5.90ms
[2020.03.23-12.21.49:128][665]Cmd: OBJ SAVEPACKAGE PACKAGE="/Game/Widgets/Menus/Pause_Menu/Pause_Menu" FILE="../../../../../workspace/unreal_engine/Content/Widgets/Menus/Pause_Menu/Pause_Menu.uasset" SILENT=true
[2020.03.23-12.21.49:158][665]LogSavePackage: Moving '../../../../../workspace/unreal_engine/Saved/Pause_Menu34488C4445252969EE6584BF40F890BB.tmp' to '../../../../../workspace/unreal_engine/Content/Widgets/Menus/Pause_Menu/Pause_Menu.uasset'
[2020.03.23-12.21.49:810][725]LogSlate: FSceneViewport::OnFocusLost() reason 0
[2020.03.23-12.21.49:879][733]LogTemp: Repeating last play command: Standalone Game
[2020.03.23-12.21.49:940][733]LogUObjectHash: Compacting FUObjectHashTables data took   5.40ms
[2020.03.23-12.22.34:429][402]BlueprintLog: New page: Compile Pause_Menu
[2020.03.23-12.22.34:476][402]LogUObjectHash: Compacting FUObjectHashTables data took   4.73ms
[2020.03.23-12.22.34:998][456]Cmd: OBJ SAVEPACKAGE PACKAGE="/Game/Widgets/Menus/Pause_Menu/Pause_Menu" FILE="../../../../../workspace/unreal_engine/Content/Widgets/Menus/Pause_Menu/Pause_Menu.uasset" SILENT=true
[2020.03.23-12.22.35:023][456]LogSavePackage: Moving '../../../../../workspace/unreal_engine/Saved/Pause_Menu968DCB9040A9C6C21DFD13B6DEECB751.tmp' to '../../../../../workspace/unreal_engine/Content/Widgets/Menus/Pause_Menu/Pause_Menu.uasset'
[2020.03.23-12.22.59:577][990]LogSlate: FSceneViewport::OnFocusLost() reason 0
[2020.03.23-12.23.02:718][351]LogSlate: FSceneViewport::OnFocusLost() reason 0
